<?xml version="1.0" encoding="UTF-8"?>
<!-- Generated by org.testng.reporters.JUnitReportReporter -->
<testsuite hostname="DESKTOP-AUJ1KT1" failures="0" tests="3" name="test.day4" time="0.003" errors="0" timestamp="2021-06-19T00:05:02 IST" skipped="0">
  <testcase classname="test.day4" name="LoginAPIHomeLoan" time="0.001"/>
  <system-out/>
  <testcase classname="test.day4" name="WebLoginHomeLoan" time="0.001"/>
  <system-out/>
  <testcase classname="test.day4" name="MobileLoginHomeLoan" time="0.001"/>
  <system-out/>
</testsuite> <!-- test.day4 -->
