<?xml version="1.0" encoding="UTF-8"?>
<!-- Generated by org.testng.reporters.JUnitReportReporter -->
<testsuite hostname="DESKTOP-AUJ1KT1" failures="0" tests="1" name="test.day2" time="0.001" errors="0" timestamp="2021-06-19T00:05:02 IST" skipped="0">
  <testcase classname="test.day2" name="Ploan" time="0.001"/>
  <system-out/>
</testsuite> <!-- test.day2 -->
