<?xml version="1.0" encoding="UTF-8"?>
<!-- Generated by org.testng.reporters.JUnitReportReporter -->
<testsuite hostname="DESKTOP-AUJ1KT1" failures="0" tests="6" name="test.day3" time="0.007" errors="0" timestamp="2021-06-19T20:37:32 IST" skipped="0">
  <testcase classname="test.day3" name="MobileLoginCarLoan" time="0.001"/>
  <system-out/>
  <testcase classname="test.day3" name="LoginAPICarLoanTest" time="0.000"/>
  <system-out/>
  <testcase classname="test.day3" name="LoginAPICarLoanTest" time="0.001"/>
  <system-out/>
  <testcase classname="test.day3" name="LoginAPICarLoanTest" time="0.000"/>
  <system-out/>
  <testcase classname="test.day3" name="WebLoginCarLoan" time="0.001"/>
  <system-out/>
  <testcase classname="test.day3" name="LoginAPICarLoan" time="0.004"/>
  <system-out/>
</testsuite> <!-- test.day3 -->
