<?xml version="1.0" encoding="UTF-8"?>
<!-- Generated by org.testng.reporters.JUnitReportReporter -->
<testsuite hostname="DESKTOP-AUJ1KT1" failures="0" tests="3" name="test.day4" time="0.001" errors="0" timestamp="2021-06-19T19:47:51 IST" skipped="1">
  <testcase classname="test.day4" name="MobileLoginHomeLoan" time="0.001"/>
  <system-out/>
  <testcase classname="test.day4" name="LoginAPIHomeLoan" time="0.000"/>
  <system-out/>
  <testcase classname="test.day4" name="WebLoginHomeLoan">
    <skipped/>
  </testcase> <!-- WebLoginHomeLoan -->
  <system-out/>
</testsuite> <!-- test.day4 -->
